TN:
SF:script/DeployAdapter.s.sol
FN:16,DeployAdapter.run
FNDA:0,DeployAdapter.run
DA:17,0
DA:17,0
DA:17,0
DA:18,0
DA:18,0
DA:19,0
DA:19,0
DA:20,0
DA:20,0
FN:23,DeployAdapter._deploy
FNDA:0,DeployAdapter._deploy
DA:24,0
DA:24,0
DA:24,0
DA:25,0
DA:25,0
DA:26,0
DA:26,0
FNF:2
FNH:0
LF:7
LH:0
BRF:0
BRH:0
end_of_record
TN:
SF:script/SystemDeploy.s.sol
FN:19,SystemDeploy.run
FNDA:0,SystemDeploy.run
DA:20,0
DA:20,0
DA:20,0
DA:21,0
DA:21,0
DA:22,0
DA:22,0
DA:23,0
DA:23,0
FN:26,SystemDeploy._deploy
FNDA:0,SystemDeploy._deploy
DA:27,0
DA:27,0
DA:27,0
DA:28,0
DA:28,0
DA:28,0
DA:30,0
DA:30,0
DA:30,0
DA:31,0
DA:31,0
DA:32,0
DA:32,0
DA:33,0
DA:33,0
DA:34,0
DA:34,0
DA:36,0
DA:36,0
DA:36,0
FNF:2
FNH:0
LF:12
LH:0
BRF:0
BRH:0
end_of_record
TN:
SF:src/PyeRouterV1.1.sol
FN:39,PyeRouterV1.
FNDA:2,PyeRouterV1.
DA:40,3
DA:40,3
DA:41,2
DA:41,2
DA:42,4
DA:42,4
DA:43,2
DA:43,2
DA:44,3
DA:44,3
DA:46,2
DA:46,2
DA:47,2
DA:47,2
DA:48,3
DA:48,3
DA:48,5
DA:49,3
DA:49,3
DA:49,3
BRDA:49,0,0,1
BRDA:49,0,1,4
DA:49,1
DA:50,3
DA:50,3
DA:51,2
DA:51,2
DA:53,4
DA:53,4
FN:61,PyeRouterV1.onlyAdmin
FNDA:3,PyeRouterV1.onlyAdmin
DA:62,3
DA:62,3
BRDA:62,1,0,-
BRDA:62,1,1,1
DA:62,0
FN:70,PyeRouterV1.getBondId
FNDA:0,PyeRouterV1.getBondId
DA:71,17
DA:71,17
FN:74,PyeRouterV1.createBond
FNDA:7,PyeRouterV1.createBond
DA:75,8
DA:75,8
BRDA:75,2,0,-
BRDA:75,2,1,8
DA:75,0
DA:77,8
DA:77,8
DA:77,8
DA:79,8
DA:79,8
DA:79,8
BRDA:79,3,0,-
BRDA:79,3,1,8
DA:80,0
DA:80,0
DA:83,8
DA:83,8
DA:83,8
DA:89,8
DA:89,8
DA:89,8
DA:90,8
DA:90,8
DA:90,8
DA:91,8
DA:91,8
DA:91,8
DA:93,8
DA:93,8
DA:94,8
DA:94,8
DA:96,8
DA:96,8
FN:99,PyeRouterV1.deposit
FNDA:3,PyeRouterV1.deposit
DA:100,3
DA:100,3
BRDA:100,4,0,-
BRDA:100,4,1,3
DA:100,0
DA:101,3
DA:101,3
DA:101,3
DA:102,3
DA:102,3
DA:104,3
DA:104,3
DA:104,3
BRDA:104,5,0,-
BRDA:104,5,1,1
DA:105,1
DA:105,1
DA:106,1
DA:106,1
DA:108,2
DA:108,2
DA:111,3
DA:111,3
FN:114,PyeRouterV1.requestUnstake
FNDA:3,PyeRouterV1.requestUnstake
DA:115,3
DA:115,3
DA:115,3
DA:116,3
DA:116,3
DA:119,3
DA:119,3
DA:122,3
DA:122,3
DA:124,3
DA:124,3
FN:127,PyeRouterV1.unstake
FNDA:2,PyeRouterV1.unstake
DA:128,2
DA:128,2
DA:128,2
DA:129,2
DA:129,2
DA:132,2
DA:132,2
DA:135,2
DA:135,2
DA:136,2
DA:136,2
FN:139,PyeRouterV1.redeem
FNDA:1,PyeRouterV1.redeem
DA:140,1
DA:140,1
DA:140,1
DA:141,1
DA:141,1
DA:144,1
DA:144,1
DA:147,1
DA:147,1
DA:148,1
DA:148,1
FN:155,PyeRouterV1.previewShares
FNDA:0,PyeRouterV1.previewShares
DA:156,0
DA:156,0
DA:156,0
DA:157,0
DA:157,0
DA:158,0
DA:158,0
DA:158,0
BRDA:158,6,0,-
BRDA:158,6,1,-
DA:158,0
DA:159,0
DA:159,0
FN:162,PyeRouterV1.validatorsCount
FNDA:0,PyeRouterV1.validatorsCount
DA:163,0
DA:163,0
FN:170,PyeRouterV1.updateDefaultBeacon
FNDA:1,PyeRouterV1.updateDefaultBeacon
DA:171,1
DA:171,1
DA:172,1
DA:172,1
DA:173,1
DA:173,1
FN:176,PyeRouterV1.addValidatorVault
FNDA:3,PyeRouterV1.addValidatorVault
DA:177,3
DA:177,3
BRDA:177,7,0,-
BRDA:177,7,1,3
DA:178,3
DA:178,3
DA:179,3
DA:179,3
DA:180,3
DA:180,3
FN:183,PyeRouterV1.removeValidatorVault
FNDA:2,PyeRouterV1.removeValidatorVault
DA:184,1
DA:184,1
BRDA:184,8,0,-
BRDA:184,8,1,1
DA:185,1
DA:185,1
DA:186,1
DA:186,1
FN:189,PyeRouterV1.removeValidatorVault
FNDA:1,PyeRouterV1.removeValidatorVault
DA:190,1
DA:190,1
BRDA:190,9,0,-
BRDA:190,9,1,1
DA:191,1
DA:191,1
DA:192,1
DA:192,1
FN:195,PyeRouterV1.updateMintFee
FNDA:1,PyeRouterV1.updateMintFee
DA:196,1
DA:196,1
DA:197,1
DA:197,1
DA:199,1
DA:199,1
FN:202,PyeRouterV1.updateRedemptionFee
FNDA:1,PyeRouterV1.updateRedemptionFee
DA:203,1
DA:203,1
DA:204,1
DA:204,1
DA:206,1
DA:206,1
FN:209,PyeRouterV1.editFeeRecipient
FNDA:1,PyeRouterV1.editFeeRecipient
DA:210,1
DA:210,1
BRDA:210,10,0,-
BRDA:210,10,1,1
DA:212,1
DA:212,1
DA:214,1
DA:214,1
FN:221,PyeRouterV1._verifyBondStatus
FNDA:6,PyeRouterV1._verifyBondStatus
DA:222,6
DA:222,6
DA:222,6
BRDA:222,11,0,-
BRDA:222,11,1,6
DA:222,0
DA:223,6
DA:223,6
DA:224,6
DA:224,6
FN:227,PyeRouterV1._verifyPyeHolders
FNDA:6,PyeRouterV1._verifyPyeHolders
DA:228,6
DA:228,6
DA:228,6
DA:228,6
DA:228,0
DA:228,0
BRDA:228,12,0,-
BRDA:228,12,1,6
DA:228,0
FN:231,PyeRouterV1._verifyMaturity
FNDA:6,PyeRouterV1._verifyMaturity
DA:232,6
DA:232,6
BRDA:232,13,0,-
BRDA:232,13,1,6
DA:232,0
FN:235,PyeRouterV1._validateFee
FNDA:5,PyeRouterV1._validateFee
DA:236,4
DA:236,4
BRDA:236,14,0,1
BRDA:236,14,1,4
DA:236,1
DA:237,4
DA:237,4
FN:240,PyeRouterV1._isValidMaturity
FNDA:0,PyeRouterV1._isValidMaturity
DA:241,0
DA:241,0
DA:241,0
DA:241,0
FN:244,PyeRouterV1._checkAddressZero
FNDA:5,PyeRouterV1._checkAddressZero
DA:245,5
DA:245,5
DA:245,5
BRDA:245,15,0,-
BRDA:245,15,1,5
DA:245,0
DA:246,5
DA:246,5
FNF:23
FNH:19
LF:85
LH:78
BRF:32
BRH:17
end_of_record
TN:
SF:src/adapters/StakeWise/StakeWiseAdapter.sol
FN:78,StakeWiseAdapter.
FNDA:0,StakeWiseAdapter.
DA:79,0
DA:79,0
DA:80,0
DA:80,0
FN:87,StakeWiseAdapter.onlyRouter
FNDA:0,StakeWiseAdapter.onlyRouter
DA:88,0
DA:88,0
BRDA:88,0,0,-
BRDA:88,0,1,-
FN:92,StakeWiseAdapter.onlyValidRequest
FNDA:261,StakeWiseAdapter.onlyValidRequest
DA:93,261
DA:93,261
DA:93,261
BRDA:93,1,0,-
BRDA:93,1,1,2
DA:94,3
DA:94,3
DA:94,3
DA:94,3
DA:94,0
DA:94,0
BRDA:94,2,0,-
BRDA:94,2,1,2
DA:94,0
DA:96,258
DA:96,258
BRDA:96,3,0,-
BRDA:96,3,1,257
DA:96,0
DA:97,258
DA:97,258
DA:97,258
DA:97,258
DA:97,0
DA:97,0
BRDA:97,4,0,-
BRDA:97,4,1,257
DA:97,0
DA:99,261
DA:99,261
BRDA:99,5,0,-
BRDA:99,5,1,259
DA:99,0
FN:104,StakeWiseAdapter.
FNDA:0,StakeWiseAdapter.
FN:110,StakeWiseAdapter.initialize
FNDA:530,StakeWiseAdapter.initialize
DA:111,530
DA:111,530
DA:114,530
DA:114,530
DA:117,530
DA:117,530
DA:120,530
DA:120,530
DA:120,530
DA:122,530
DA:122,530
DA:123,530
DA:123,530
DA:124,530
DA:124,530
FN:131,StakeWiseAdapter.deposit
FNDA:520,StakeWiseAdapter.deposit
DA:132,520
DA:132,520
BRDA:132,6,0,-
BRDA:132,6,1,520
DA:132,0
DA:133,520
DA:133,520
BRDA:133,7,0,-
BRDA:133,7,1,520
DA:133,0
DA:134,520
DA:134,520
DA:134,520
DA:135,520
DA:135,520
DA:135,520
DA:137,520
DA:137,520
DA:138,520
DA:138,520
DA:139,520
DA:139,520
FN:146,StakeWiseAdapter._deposit
FNDA:520,StakeWiseAdapter._deposit
DA:148,520
DA:148,520
BRDA:148,8,0,-
BRDA:148,8,1,-
DA:150,0
DA:150,0
DA:150,0
DA:151,0
DA:151,0
DA:153,520
DA:153,520
FN:160,StakeWiseAdapter.requestUnstake
FNDA:261,StakeWiseAdapter.requestUnstake
DA:161,261
DA:161,261
DA:163,261
DA:163,261
DA:163,261
DA:167,261
DA:167,261
DA:170,261
DA:170,261
DA:171,261
DA:171,261
DA:172,261
DA:172,261
DA:174,261
DA:174,261
FN:179,StakeWiseAdapter.unstake
FNDA:259,StakeWiseAdapter.unstake
DA:180,259
DA:180,259
DA:182,259
DA:182,259
BRDA:182,9,0,-
BRDA:182,9,1,-
DA:183,0
DA:183,0
DA:183,0
DA:184,0
DA:184,0
BRDA:184,10,0,-
BRDA:184,10,1,-
DA:184,0
DA:187,259
DA:187,259
DA:187,259
DA:189,259
DA:189,259
BRDA:189,11,0,-
BRDA:189,11,1,259
DA:189,0
DA:190,259
DA:190,259
DA:192,259
DA:192,259
DA:193,259
DA:193,259
DA:195,259
DA:195,259
DA:196,259
DA:196,259
DA:199,259
DA:199,259
DA:200,259
DA:200,259
FN:203,StakeWiseAdapter.redeem
FNDA:513,StakeWiseAdapter.redeem
DA:205,513
DA:205,513
DA:207,513
DA:207,513
DA:207,513
DA:209,513
DA:209,513
BRDA:209,12,0,-
BRDA:209,12,1,513
DA:209,0
DA:212,513
DA:212,513
DA:213,513
DA:213,513
DA:216,513
DA:216,513
BRDA:216,13,0,-
BRDA:216,13,1,256
DA:218,256
DA:218,256
DA:219,256
DA:219,256
DA:220,256
DA:220,256
DA:221,257
DA:221,257
BRDA:221,14,0,-
BRDA:221,14,1,257
DA:223,257
DA:223,257
DA:226,257
DA:226,257
DA:227,257
DA:227,257
DA:229,513
DA:229,513
DA:230,513
DA:230,513
FN:233,StakeWiseAdapter.updateFeeRecipient
FNDA:0,StakeWiseAdapter.updateFeeRecipient
DA:234,0
DA:234,0
DA:235,0
DA:235,0
FN:242,StakeWiseAdapter.getMatuirtyDate
FNDA:1,StakeWiseAdapter.getMatuirtyDate
DA:243,1
DA:243,1
FN:246,StakeWiseAdapter.router
FNDA:1,StakeWiseAdapter.router
DA:247,1
DA:247,1
DA:247,1
FN:250,StakeWiseAdapter.pt
FNDA:521,StakeWiseAdapter.pt
DA:251,521
DA:251,521
DA:251,521
FN:254,StakeWiseAdapter.yt
FNDA:520,StakeWiseAdapter.yt
DA:255,520
DA:255,520
DA:255,520
FN:258,StakeWiseAdapter.vault
FNDA:2,StakeWiseAdapter.vault
DA:259,2
DA:259,2
DA:259,2
FN:262,StakeWiseAdapter.rewardsVault
FNDA:4,StakeWiseAdapter.rewardsVault
DA:263,4
DA:263,4
DA:263,4
FN:266,StakeWiseAdapter.getShares
FNDA:0,StakeWiseAdapter.getShares
DA:267,0
DA:267,0
DA:267,0
FN:270,StakeWiseAdapter.capacity
FNDA:1,StakeWiseAdapter.capacity
DA:271,1
DA:271,1
DA:271,1
FN:274,StakeWiseAdapter.timeToMaturity
FNDA:1,StakeWiseAdapter.timeToMaturity
DA:275,1
DA:275,1
DA:275,1
FN:278,StakeWiseAdapter.isHarvestRequired
FNDA:1,StakeWiseAdapter.isHarvestRequired
DA:279,1
DA:279,1
DA:279,1
FN:286,StakeWiseAdapter.exitRequest
FNDA:258,StakeWiseAdapter.exitRequest
DA:287,258
DA:287,258
FN:290,StakeWiseAdapter.getExitQueueIndex
FNDA:1,StakeWiseAdapter.getExitQueueIndex
DA:291,260
DA:291,260
DA:291,260
FN:294,StakeWiseAdapter.convertToAssets
FNDA:0,StakeWiseAdapter.convertToAssets
DA:295,0
DA:295,0
DA:295,0
FN:298,StakeWiseAdapter.totalAssets
FNDA:257,StakeWiseAdapter.totalAssets
DA:299,257
DA:299,257
DA:299,257
FN:302,StakeWiseAdapter.totalShares
FNDA:262,StakeWiseAdapter.totalShares
DA:303,262
DA:303,262
DA:303,262
FN:306,StakeWiseAdapter.calculateExitedAssets
FNDA:0,StakeWiseAdapter.calculateExitedAssets
DA:307,513
DA:307,513
DA:308,513
DA:308,513
DA:308,513
FN:311,StakeWiseAdapter.pricePerShare
FNDA:256,StakeWiseAdapter.pricePerShare
DA:312,256
DA:312,256
DA:312,256
FN:320,StakeWiseAdapter._validateRedeemRequest
FNDA:513,StakeWiseAdapter._validateRedeemRequest
DA:321,513
DA:321,513
DA:321,513
BRDA:321,15,0,-
BRDA:321,15,1,1
DA:322,1
DA:322,1
DA:322,1
BRDA:322,16,0,-
BRDA:322,16,1,1
DA:322,0
DA:324,512
DA:324,512
DA:324,512
BRDA:324,17,0,-
BRDA:324,17,1,512
DA:324,0
FN:328,StakeWiseAdapter._decodeHarvestParams
FNDA:0,StakeWiseAdapter._decodeHarvestParams
DA:329,0
DA:329,0
DA:329,0
DA:330,0
DA:330,0
DA:330,0
FN:333,StakeWiseAdapter._percent
FNDA:513,StakeWiseAdapter._percent
DA:334,513
DA:334,513
BRDA:334,18,0,-
BRDA:334,18,1,513
DA:335,513
DA:335,513
FN:339,StakeWiseAdapter._sendValue
FNDA:1026,StakeWiseAdapter._sendValue
DA:340,1026
DA:340,1026
BRDA:340,19,0,-
BRDA:340,19,1,1026
DA:341,0
DA:341,0
DA:344,1026
DA:344,1026
DA:344,1026
DA:345,1026
DA:345,1026
BRDA:345,20,0,-
BRDA:345,20,1,1026
DA:346,0
DA:346,0
FN:350,StakeWiseAdapter._pricePerShare
FNDA:1035,StakeWiseAdapter._pricePerShare
DA:351,1035
DA:351,1035
DA:351,1035
DA:352,1035
DA:352,1035
FN:355,StakeWiseAdapter._formatTokenNameAndSymbol
FNDA:530,StakeWiseAdapter._formatTokenNameAndSymbol
DA:356,530
DA:356,530
DA:356,530
DA:357,530
DA:357,530
DA:358,530
DA:358,530
FN:361,StakeWiseAdapter._getYtAmount
FNDA:779,StakeWiseAdapter._getYtAmount
DA:362,779
DA:362,779
DA:362,779
DA:363,779
DA:363,779
DA:363,779
DA:364,779
DA:364,779
FN:367,StakeWiseAdapter._createPyeTokens
FNDA:530,StakeWiseAdapter._createPyeTokens
DA:368,530
DA:368,530
DA:368,530
DA:370,530
DA:370,530
DA:371,530
DA:371,530
FN:374,StakeWiseAdapter._protocolFees
FNDA:513,StakeWiseAdapter._protocolFees
DA:375,513
DA:375,513
DA:376,513
DA:376,513
DA:377,513
DA:377,513
FNF:37
FNH:29
LF:107
LH:92
BRF:42
BRH:17
end_of_record
TN:
SF:src/libs/ExpiryUtils.sol
FN:27,ExpiryUtils.concat
FNDA:0,ExpiryUtils.concat
DA:28,0
DA:28,0
FN:31,ExpiryUtils.toRFC2822String
FNDA:530,ExpiryUtils.toRFC2822String
DA:32,530
DA:32,530
DA:32,530
DA:33,530
DA:33,530
DA:33,530
DA:34,530
DA:34,530
DA:34,530
DA:35,530
DA:35,530
DA:35,530
DA:36,530
DA:36,530
FN:39,ExpiryUtils.getDaysInMonth
FNDA:12026,ExpiryUtils.getDaysInMonth
DA:40,12026
DA:40,12026
DA:40,12026
DA:40,12026
DA:40,12026
DA:40,12026
DA:40,12026
DA:40,12026
DA:40,11239
DA:40,10966
DA:40,10693
DA:40,10425
DA:40,10169
DA:40,9913
BRDA:40,0,0,10305
BRDA:40,0,1,1721
DA:41,10305
DA:41,10305
DA:42,1721
DA:42,1721
DA:42,1721
DA:42,1721
DA:42,1721
DA:42,1448
DA:42,785
DA:42,529
BRDA:42,1,0,1448
BRDA:42,1,1,273
DA:43,1448
DA:43,1448
DA:44,273
DA:44,273
BRDA:44,2,0,256
BRDA:44,2,1,17
DA:45,256
DA:45,256
DA:47,17
DA:47,17
FN:51,ExpiryUtils.getYear
FNDA:530,ExpiryUtils.getYear
DA:52,530
DA:52,530
DA:53,530
DA:53,530
DA:54,530
DA:54,530
DA:57,530
DA:57,530
DA:58,530
DA:58,530
DA:60,530
DA:60,530
DA:61,530
DA:61,530
DA:63,786
DA:63,786
DA:64,256
DA:64,256
BRDA:64,3,0,256
BRDA:64,3,1,-
DA:65,256
DA:65,256
DA:67,0
DA:67,0
DA:69,256
DA:69,256
DA:71,530
DA:71,530
FN:74,ExpiryUtils.isLeapYear
FNDA:529,ExpiryUtils.isLeapYear
DA:75,529
DA:75,529
DA:75,529
FN:78,ExpiryUtils.leapYearsBefore
FNDA:2120,ExpiryUtils.leapYearsBefore
DA:79,2120
DA:79,2120
DA:80,2120
DA:80,2120
DA:80,2120
DA:80,2120
DA:80,2120
DA:80,2120
DA:80,2120
FN:83,ExpiryUtils.monthName
FNDA:0,ExpiryUtils.monthName
DA:84,530
DA:84,530
DA:85,530
DA:85,530
FN:88,ExpiryUtils.parseTimestamp
FNDA:530,ExpiryUtils.parseTimestamp
DA:89,530
DA:89,530
DA:90,530
DA:90,530
DA:91,530
DA:91,530
DA:94,530
DA:94,530
DA:95,530
DA:95,530
DA:97,530
DA:97,530
DA:98,530
DA:98,530
DA:101,530
DA:101,530
DA:102,530
DA:102,530
DA:102,3435
DA:102,2905
DA:103,3435
DA:103,3435
DA:104,3435
DA:104,3435
DA:104,3435
BRDA:104,4,0,530
BRDA:104,4,1,2905
DA:105,530
DA:105,530
DA:106,530
DA:106,530
DA:108,2905
DA:108,2905
DA:112,530
DA:112,530
DA:112,8591
DA:112,8591
DA:112,8061
DA:113,8591
DA:113,8591
DA:113,8591
BRDA:113,5,0,530
BRDA:113,5,1,8061
DA:114,530
DA:114,530
DA:115,530
DA:115,530
DA:117,8061
DA:117,8061
FN:121,ExpiryUtils.uintToString
FNDA:1060,ExpiryUtils.uintToString
DA:122,1060
DA:122,1060
BRDA:122,6,0,-
BRDA:122,6,1,1060
DA:123,0
DA:123,0
DA:125,1060
DA:125,1060
DA:126,1060
DA:126,1060
DA:127,3979
DA:127,3979
DA:128,2919
DA:128,2919
DA:129,2919
DA:129,2919
DA:131,1060
DA:131,1060
DA:131,1060
DA:132,1060
DA:132,1060
DA:132,1060
DA:133,3979
DA:133,3979
DA:134,2919
DA:134,2919
DA:135,2919
DA:135,2919
BRDA:135,7,0,1859
BRDA:135,7,1,2919
DA:135,1859
DA:136,2919
DA:136,2919
DA:138,1060
DA:138,1060
DA:138,1060
FNF:9
FNH:7
LF:64
LH:61
BRF:16
BRH:14
end_of_record
TN:
SF:src/libs/WadRayMath.sol
FN:29,WadRayMath.wadMul
FNDA:0,WadRayMath.wadMul
DA:32,0
BRDA:32,0,0,-
DA:34,0
DA:34,0
FN:45,WadRayMath.wadDiv
FNDA:513,WadRayMath.wadDiv
DA:48,513
BRDA:48,1,0,-
DA:50,513
DA:50,513
FN:61,WadRayMath.rayMul
FNDA:0,WadRayMath.rayMul
DA:64,0
BRDA:64,2,0,-
DA:66,0
DA:66,0
FN:77,WadRayMath.rayDiv
FNDA:779,WadRayMath.rayDiv
DA:80,779
BRDA:80,3,0,-
DA:82,779
DA:82,779
FN:92,WadRayMath.rayToWad
FNDA:0,WadRayMath.rayToWad
DA:94,0
DA:94,0
DA:96,0
BRDA:96,4,0,-
DA:96,0
FN:106,WadRayMath.wadToRay
FNDA:0,WadRayMath.wadToRay
DA:109,0
DA:109,0
DA:111,0
BRDA:111,5,0,-
FNF:6
FNH:2
LF:12
LH:4
BRF:6
BRH:0
end_of_record
TN:
SF:src/mock/ExitQueue.sol
FN:34,ExitQueue.getLatestTotalTickets
FNDA:520,ExitQueue.getLatestTotalTickets
DA:35,520
DA:35,520
DA:38,520
DA:38,520
DA:38,520
FN:48,ExitQueue.getCheckpointIndex
FNDA:260,ExitQueue.getCheckpointIndex
DA:49,260
DA:49,260
DA:50,260
DA:50,260
DA:51,519
DA:51,519
DA:52,259
DA:52,259
DA:52,259
DA:53,259
DA:53,259
BRDA:53,0,0,259
BRDA:53,0,1,-
DA:54,259
DA:54,259
DA:58,0
DA:58,0
DA:62,260
DA:62,260
FN:67,ExitQueue.calculateExitedAssets
FNDA:772,ExitQueue.calculateExitedAssets
DA:68,772
DA:68,772
DA:70,772
DA:70,772
DA:72,772
DA:72,772
DA:72,772
DA:72,772
BRDA:72,1,0,513
BRDA:72,1,1,259
DA:72,513
DA:75,259
DA:75,259
DA:78,259
DA:78,259
DA:83,259
DA:83,259
DA:83,259
DA:84,259
DA:84,259
DA:85,259
DA:85,259
DA:88,259
DA:88,259
DA:88,259
DA:88,259
BRDA:88,2,0,-
BRDA:88,2,1,259
DA:89,0
DA:89,0
DA:93,259
DA:93,259
DA:96,259
DA:96,259
DA:100,259
DA:100,259
DA:101,259
DA:101,259
DA:105,259
DA:105,259
DA:107,259
DA:107,259
DA:110,259
DA:110,259
DA:111,259
DA:111,259
DA:114,259
DA:114,259
DA:118,259
DA:118,259
DA:118,259
DA:118,0
BRDA:118,3,0,259
BRDA:118,3,1,-
DA:119,259
DA:119,259
DA:123,0
DA:123,0
DA:125,0
DA:125,0
DA:126,0
DA:126,0
DA:127,0
DA:127,0
DA:131,0
DA:131,0
DA:135,0
DA:135,0
FN:144,ExitQueue.push
FNDA:259,ExitQueue.push
DA:145,259
DA:145,259
DA:145,259
DA:145,259
BRDA:145,4,0,-
BRDA:145,4,1,259
DA:145,0
DA:146,259
DA:146,259
DA:146,259
DA:147,259
DA:147,259
FN:150,ExitQueue._unsafeAccess
FNDA:518,ExitQueue._unsafeAccess
DA:153,518
DA:153,518
FNF:5
FNH:5
LF:41
LH:33
BRF:10
BRH:6
end_of_record
TN:
SF:src/mock/SwEthVaulMock.sol
FN:301,KeeperMock.
FNDA:0,KeeperMock.
DA:302,0
DA:302,0
FN:305,KeeperMock.rewards
FNDA:0,KeeperMock.rewards
DA:306,0
DA:306,0
DA:307,0
DA:307,0
FN:310,KeeperMock.unlockedMevRewards
FNDA:0,KeeperMock.unlockedMevRewards
DA:311,0
DA:311,0
DA:312,0
DA:312,0
FN:315,KeeperMock.isHarvestRequired
FNDA:1,KeeperMock.isHarvestRequired
DA:316,0
DA:316,0
FN:319,KeeperMock.prevRewardsRoot
FNDA:0,KeeperMock.prevRewardsRoot
DA:320,0
DA:320,0
DA:320,0
FN:63,SwEthVaulMock._updateRewards
FNDA:261,SwEthVaulMock._updateRewards
DA:64,261
DA:64,261
DA:64,261
DA:65,261
DA:65,261
DA:65,261
DA:65,261
DA:66,261
DA:66,261
DA:68,261
DA:68,261
DA:68,261
DA:69,261
DA:69,261
DA:70,261
DA:70,261
DA:71,261
DA:71,261
DA:73,261
DA:73,261
FN:81,SwEthVaulMock.
FNDA:17,SwEthVaulMock.
DA:83,24
DA:83,24
DA:87,17
DA:87,17
DA:88,31
DA:88,31
DA:88,31
DA:88,31
DA:89,17
DA:89,17
FN:92,SwEthVaulMock.updateVaultApy
FNDA:0,SwEthVaulMock.updateVaultApy
DA:93,0
DA:93,0
DA:94,0
DA:94,0
DA:94,0
DA:94,0
DA:95,0
DA:95,0
FN:98,SwEthVaulMock.updateVaultState
FNDA:0,SwEthVaulMock.updateVaultState
DA:99,0
DA:99,0
DA:100,0
DA:100,0
DA:101,0
DA:101,0
FN:107,SwEthVaulMock.isStateUpdateRequired
FNDA:0,SwEthVaulMock.isStateUpdateRequired
DA:108,0
DA:108,0
FN:111,SwEthVaulMock.updateStateAndDeposit
FNDA:0,SwEthVaulMock.updateStateAndDeposit
FN:113,SwEthVaulMock.deposit
FNDA:520,SwEthVaulMock.deposit
DA:114,520
DA:114,520
DA:116,520
DA:116,520
DA:116,520
BRDA:116,0,0,-
BRDA:116,0,1,520
DA:116,0
DA:117,520
DA:117,520
BRDA:117,1,0,-
BRDA:117,1,1,520
DA:117,0
DA:119,520
DA:119,520
DA:119,520
DA:122,520
DA:122,520
DA:125,520
DA:125,520
DA:126,520
DA:126,520
DA:128,520
DA:128,520
FN:135,SwEthVaulMock.enterExitQueue
FNDA:261,SwEthVaulMock.enterExitQueue
DA:136,261
DA:136,261
DA:136,261
FN:139,SwEthVaulMock._enterExitQueue
FNDA:261,SwEthVaulMock._enterExitQueue
DA:141,261
DA:141,261
BRDA:141,2,0,-
BRDA:141,2,1,261
DA:141,0
DA:142,261
DA:142,261
DA:142,261
BRDA:142,3,0,-
BRDA:142,3,1,261
DA:142,0
DA:145,261
DA:145,261
DA:148,261
DA:148,261
DA:151,261
DA:151,261
DA:154,261
DA:154,261
DA:158,261
DA:158,261
DA:161,261
DA:161,261
FN:169,SwEthVaulMock.claimExitedAssets
FNDA:259,SwEthVaulMock.claimExitedAssets
DA:170,259
DA:170,259
DA:170,259
BRDA:170,4,0,-
BRDA:170,4,1,259
DA:170,0
DA:171,259
DA:171,259
DA:171,259
DA:174,259
DA:174,259
DA:175,259
DA:175,259
DA:177,259
DA:177,259
BRDA:177,5,0,-
BRDA:177,5,1,259
DA:177,0
DA:180,259
DA:180,259
DA:183,259
DA:183,259
BRDA:183,6,0,-
BRDA:183,6,1,259
DA:185,0
DA:185,0
DA:186,0
DA:186,0
DA:190,259
DA:190,259
DA:191,259
DA:191,259
DA:192,259
DA:192,259
FN:195,SwEthVaulMock._transferVaultAssets
FNDA:259,SwEthVaulMock._transferVaultAssets
DA:196,259
DA:196,259
FN:199,SwEthVaulMock.getExitQueueIndex
FNDA:260,SwEthVaulMock.getExitQueueIndex
DA:200,260
DA:200,260
DA:200,260
DA:201,260
DA:201,260
DA:201,260
FN:204,SwEthVaulMock.convertToAssets
FNDA:1292,SwEthVaulMock.convertToAssets
DA:205,1551
DA:205,1551
DA:206,1551
DA:206,1551
DA:206,1551
FN:209,SwEthVaulMock.capacity
FNDA:2,SwEthVaulMock.capacity
DA:210,2
DA:210,2
FN:213,SwEthVaulMock.getShares
FNDA:780,SwEthVaulMock.getShares
DA:214,780
DA:214,780
FN:217,SwEthVaulMock.updateState
FNDA:0,SwEthVaulMock.updateState
FN:219,SwEthVaulMock.withdrawableAssets
FNDA:0,SwEthVaulMock.withdrawableAssets
FN:221,SwEthVaulMock.calculateExitedAssets
FNDA:513,SwEthVaulMock.calculateExitedAssets
DA:222,772
DA:222,772
DA:225,772
DA:225,772
DA:226,772
DA:226,772
FN:229,SwEthVaulMock._mintShares
FNDA:520,SwEthVaulMock._mintShares
DA:231,520
DA:231,520
DA:234,520
DA:234,520
DA:235,520
DA:235,520
FN:238,SwEthVaulMock.convertToShares
FNDA:0,SwEthVaulMock.convertToShares
DA:239,259
DA:239,259
DA:239,259
FN:242,SwEthVaulMock._convertToShares
FNDA:779,SwEthVaulMock._convertToShares
DA:243,779
DA:243,779
DA:246,779
DA:246,779
DA:246,779
FN:249,SwEthVaulMock.updateExitQueue
FNDA:259,SwEthVaulMock.updateExitQueue
DA:251,259
DA:251,259
DA:252,259
DA:252,259
BRDA:252,7,0,-
BRDA:252,7,1,259
DA:252,0
DA:255,259
DA:255,259
DA:256,259
DA:256,259
DA:256,259
DA:257,259
DA:257,259
BRDA:257,8,0,-
BRDA:257,8,1,259
DA:257,0
DA:260,259
DA:260,259
DA:261,259
DA:261,259
BRDA:261,9,0,-
BRDA:261,9,1,259
DA:261,0
DA:264,259
DA:264,259
DA:265,259
DA:265,259
DA:268,259
DA:268,259
DA:269,259
DA:269,259
DA:272,259
DA:272,259
DA:273,259
DA:273,259
FN:276,SwEthVaulMock.feePercent
FNDA:0,SwEthVaulMock.feePercent
DA:277,0
DA:277,0
DA:277,0
FN:280,SwEthVaulMock.totalAssets
FNDA:0,SwEthVaulMock.totalAssets
DA:281,0
DA:281,0
DA:281,0
FN:284,SwEthVaulMock._vaultAssets
FNDA:259,SwEthVaulMock._vaultAssets
DA:285,259
DA:285,259
FN:288,SwEthVaulMock._percent
FNDA:798,SwEthVaulMock._percent
DA:289,798
DA:289,798
BRDA:289,10,0,7
BRDA:289,10,1,791
DA:290,798
DA:290,798
FNF:31
FNH:18
LF:89
LH:71
BRF:22
BRH:12
end_of_record
TN:
SF:src/tokens/ERC20Hook.sol
FN:51,ERC20Hook.
FNDA:0,ERC20Hook.
DA:52,0
DA:52,0
DA:53,0
DA:53,0
FN:59,ERC20Hook.name
FNDA:0,ERC20Hook.name
DA:60,0
DA:60,0
FN:67,ERC20Hook.symbol
FNDA:0,ERC20Hook.symbol
DA:68,0
DA:68,0
FN:84,ERC20Hook.decimals
FNDA:0,ERC20Hook.decimals
DA:85,0
DA:85,0
FN:91,ERC20Hook.totalSupply
FNDA:260,ERC20Hook.totalSupply
DA:92,260
DA:92,260
FN:98,ERC20Hook.balanceOf
FNDA:1809,ERC20Hook.balanceOf
DA:99,1809
DA:99,1809
FN:110,ERC20Hook.transfer
FNDA:1,ERC20Hook.transfer
DA:111,1
DA:111,1
DA:111,1
DA:112,1
DA:112,1
DA:113,0
DA:113,0
FN:119,ERC20Hook.allowance
FNDA:0,ERC20Hook.allowance
DA:120,0
DA:120,0
FN:123,ERC20Hook._beforeTokenTransfer
FNDA:0,ERC20Hook._beforeTokenTransfer
FN:135,ERC20Hook.approve
FNDA:0,ERC20Hook.approve
DA:136,0
DA:136,0
DA:136,0
DA:137,0
DA:137,0
DA:138,0
DA:138,0
FN:157,ERC20Hook.transferFrom
FNDA:0,ERC20Hook.transferFrom
DA:158,0
DA:158,0
DA:158,0
DA:159,0
DA:159,0
DA:160,0
DA:160,0
DA:161,0
DA:161,0
FN:174,ERC20Hook._transfer
FNDA:1,ERC20Hook._transfer
DA:175,1
DA:175,1
DA:176,0
DA:176,0
DA:176,0
BRDA:176,0,0,-
BRDA:176,0,1,-
DA:177,0
DA:177,0
DA:179,0
DA:179,0
DA:179,0
BRDA:179,1,0,-
BRDA:179,1,1,-
DA:180,0
DA:180,0
DA:182,0
DA:182,0
FN:192,ERC20Hook._update
FNDA:776,ERC20Hook._update
DA:193,776
DA:193,776
DA:193,776
BRDA:193,2,0,520
BRDA:193,2,1,256
DA:195,520
DA:195,520
DA:197,256
DA:197,256
DA:198,256
DA:198,256
BRDA:198,3,0,-
BRDA:198,3,1,256
DA:199,0
DA:199,0
DA:203,256
DA:203,256
DA:207,776
DA:207,776
DA:207,776
BRDA:207,4,0,256
BRDA:207,4,1,520
DA:210,256
DA:210,256
DA:215,520
DA:215,520
DA:219,776
DA:219,776
FN:232,ERC20Hook._mint
FNDA:520,ERC20Hook._mint
DA:233,520
BRDA:233,5,0,263
BRDA:233,5,1,520
DA:234,263
DA:234,263
DA:235,263
DA:235,263
DA:237,520
DA:237,520
DA:237,520
BRDA:237,6,0,-
BRDA:237,6,1,520
DA:238,0
DA:238,0
DA:240,520
DA:240,520
FN:251,ERC20Hook._burn
FNDA:256,ERC20Hook._burn
DA:252,256
DA:252,256
DA:252,256
BRDA:252,7,0,-
BRDA:252,7,1,256
DA:253,0
DA:253,0
DA:255,256
DA:255,256
FN:273,ERC20Hook._approve
FNDA:0,ERC20Hook._approve
DA:274,0
DA:274,0
FN:294,ERC20Hook._approve
FNDA:0,ERC20Hook._approve
DA:295,0
DA:295,0
DA:295,0
BRDA:295,8,0,-
BRDA:295,8,1,-
DA:296,0
DA:296,0
DA:298,0
DA:298,0
DA:298,0
BRDA:298,9,0,-
BRDA:298,9,1,-
DA:299,0
DA:299,0
DA:301,0
DA:301,0
DA:302,0
BRDA:302,10,0,-
BRDA:302,10,1,-
DA:303,0
DA:303,0
FN:315,ERC20Hook._spendAllowance
FNDA:0,ERC20Hook._spendAllowance
DA:316,0
DA:316,0
DA:316,0
DA:317,0
DA:317,0
BRDA:317,11,0,-
BRDA:317,11,1,-
DA:318,0
DA:318,0
BRDA:318,12,0,-
BRDA:318,12,1,-
DA:319,0
DA:319,0
DA:322,0
DA:322,0
FNF:18
FNH:7
LF:56
LH:21
BRF:26
BRH:9
end_of_record
TN:
SF:src/tokens/PTv1.sol
FN:9,PTv1.
FNDA:0,PTv1.
FN:11,PTv1._beforeTokenTransfer
FNDA:1,PTv1._beforeTokenTransfer
DA:12,1
BRDA:12,0,0,1
BRDA:12,0,1,-
DA:12,1
FN:15,PTv1.mint
FNDA:520,PTv1.mint
DA:16,520
DA:16,520
FN:19,PTv1.burn
FNDA:256,PTv1.burn
DA:20,256
DA:20,256
FNF:4
FNH:3
LF:3
LH:3
BRF:2
BRH:1
end_of_record
TN:
SF:src/tokens/YTv1.sol
FN:9,YTv1.onlyAdmin
FNDA:520,YTv1.onlyAdmin
DA:10,520
DA:10,520
BRDA:10,0,0,-
BRDA:10,0,1,257
FN:14,YTv1.
FNDA:0,YTv1.
DA:15,0
DA:15,0
FN:18,YTv1.mint
FNDA:520,YTv1.mint
DA:19,520
DA:19,520
FN:22,YTv1.burn
FNDA:257,YTv1.burn
DA:23,257
DA:23,257
FNF:4
FNH:3
LF:4
LH:3
BRF:2
BRH:1
end_of_record
TN:
SF:test/fork/AdapterForkTest.t.sol
FN:14,AdapterForkTest.setUp
FNDA:0,AdapterForkTest.setUp
DA:15,0
DA:15,0
DA:16,0
DA:16,0
DA:17,0
DA:17,0
FN:20,AdapterForkTest.ethVaultFlow
FNDA:0,AdapterForkTest.ethVaultFlow
DA:22,0
DA:22,0
DA:22,0
DA:23,0
DA:23,0
BRDA:23,0,0,-
BRDA:23,0,1,-
DA:26,0
DA:26,0
DA:29,0
DA:29,0
DA:30,0
DA:30,0
DA:30,0
DA:31,0
DA:31,0
DA:31,0
DA:34,0
DA:34,0
DA:34,0
DA:35,0
DA:35,0
DA:36,0
DA:36,0
DA:37,0
DA:37,0
DA:38,0
DA:38,0
DA:39,0
DA:39,0
DA:40,0
DA:40,0
DA:41,0
DA:41,0
DA:41,0
DA:42,0
DA:42,0
DA:44,0
DA:44,0
DA:45,0
DA:45,0
DA:48,0
DA:48,0
DA:51,0
DA:51,0
DA:52,0
DA:52,0
DA:52,0
FNF:2
FNH:0
LF:23
LH:0
BRF:2
BRH:0
end_of_record
TN:
SF:test/fork/HoleskyForkBase.sol
FN:5,RouterV1Test.__init_Fork
FNDA:0,RouterV1Test.__init_Fork
FNF:1
FNH:0
LF:0
LH:0
BRF:0
BRH:0
end_of_record
TN:
SF:test/unit/BaseTest.t.sol
FN:8,BaseTest._createUser
FNDA:534,BaseTest._createUser
DA:9,534
DA:9,534
DA:9,534
DA:10,534
DA:10,534
DA:11,534
DA:11,534
FNF:1
FNH:1
LF:3
LH:3
BRF:0
BRH:0
end_of_record
